[0.191s] Invoking command in '/home/super/f1tenth_ws/build/pure_pursuit': CMAKE_PREFIX_PATH=${CMAKE_PREFIX_PATH}:/home/super/f1tenth_ws/install/f1tenth_stack:/home/super/f1tenth_ws/install/joy_teleop:/home/super/f1tenth_ws/install/particle_filter:/home/super/f1tenth_ws/install/mouse_teleop:/home/super/f1tenth_ws/install/key_teleop:/opt/ros/foxy /usr/bin/cmake --build /home/super/f1tenth_ws/build/pure_pursuit -- -j6 -l6
[0.331s] [35m[1mScanning dependencies of target pure_pursuit_node[0m
[0.530s] [ 50%] [32mBuilding CXX object CMakeFiles/pure_pursuit_node.dir/src/pure_pursuit_node.cpp.o[0m
[3.902s] [01m[K/home/super/f1tenth_ws/src/PurePursuit/src/pure_pursuit/src/pure_pursuit_node.cpp:219:80:[m[K [01;35m[Kwarning: [m[Kâ€˜[01m[Kgeometry_msgs::msg::PoseStamped_<std::allocator<void> >::ConstPtr[m[Kâ€™ is deprecated [[01;35m[K-Wdeprecated-declarations[m[K]
[3.902s]   219 | gs::msg::PoseStamped::ConstPtr pose_msg[01;35m[K)[m[K
[3.902s]       |                                        [01;35m[K^[m[K
[3.902s] 
[3.902s] In file included from [01m[K/opt/ros/foxy/include/geometry_msgs/msg/pose_stamped.hpp:7[m[K,
[3.902s]                  from [01m[K/home/super/f1tenth_ws/src/PurePursuit/src/pure_pursuit/src/pure_pursuit_node.cpp:12[m[K:
[3.903s] [01m[K/opt/ros/foxy/include/geometry_msgs/msg/detail/pose_stamped__struct.hpp:114:5:[m[K [01;36m[Knote: [m[Kdeclared here
[3.903s]   114 |     [01;36m[KConstPtr[m[K;
[3.903s]       |     [01;36m[K^~~~~~~~[m[K
[3.983s] [01m[K/home/super/f1tenth_ws/src/PurePursuit/src/pure_pursuit/src/pure_pursuit_node.cpp:[m[K In member function â€˜[01m[Kstd::vector<double, std::allocator<double> > PurePursuit::select_goal(geometry_msgs::msg::Pose)[m[Kâ€™:
[3.984s] [01m[K/home/super/f1tenth_ws/src/PurePursuit/src/pure_pursuit/src/pure_pursuit_node.cpp:168:29:[m[K [01;31m[Kerror: [m[Kno match for â€˜[01m[Koperator-[m[Kâ€™ (operand types are â€˜[01m[Kstd::vector<double, std::allocator<double> >[m[Kâ€™ and â€˜[01m[Kint[m[Kâ€™)
[3.984s]   168 |             if (i == [32m[Kx_traj[m[K [01;31m[K-[m[K [34m[K1[m[K){
[3.984s]       |                      [32m[K~~~~~~[m[K [01;31m[K^[m[K [34m[K~[m[K
[3.984s]       |                      [32m[K|[m[K        [34m[K|[m[K
[3.984s]       |                      [32m[K|[m[K        [34m[Kint[m[K
[3.985s]       |                      [32m[Kstd::vector<double, std::allocator<double> >[m[K
[3.985s] In file included from [01m[K/usr/include/c++/9/bits/stl_algobase.h:67[m[K,
[3.985s]                  from [01m[K/usr/include/c++/9/bits/char_traits.h:39[m[K,
[3.985s]                  from [01m[K/usr/include/c++/9/ios:40[m[K,
[3.985s]                  from [01m[K/usr/include/c++/9/istream:38[m[K,
[3.985s]                  from [01m[K/usr/include/c++/9/sstream:38[m[K,
[3.985s]                  from [01m[K/home/super/f1tenth_ws/src/PurePursuit/src/pure_pursuit/src/pure_pursuit_node.cpp:1[m[K:
[3.986s] [01m[K/usr/include/c++/9/bits/stl_iterator.h:415:5:[m[K [01;36m[Knote: [m[Kcandidate: â€˜[01m[Ktemplate<class _IteratorL, class _IteratorR> decltype ((__y.base() - __x.base())) std::operator-(const std::reverse_iterator<_Iterator>&, const std::reverse_iterator<_IteratorR>&)[m[Kâ€™
[3.986s]   415 |     [01;36m[Koperator[m[K-(const reverse_iterator<_IteratorL>& __x,
[3.986s]       |     [01;36m[K^~~~~~~~[m[K
[3.986s] [01m[K/usr/include/c++/9/bits/stl_iterator.h:415:5:[m[K [01;36m[Knote: [m[K  template argument deduction/substitution failed:
[3.986s] [01m[K/home/super/f1tenth_ws/src/PurePursuit/src/pure_pursuit/src/pure_pursuit_node.cpp:168:31:[m[K [01;36m[Knote: [m[K  â€˜[01m[Kstd::vector<double, std::allocator<double> >[m[Kâ€™ is not derived from â€˜[01m[Kconst std::reverse_iterator<_Iterator>[m[Kâ€™
[3.986s]   168 |             if (i == x_traj - [01;36m[K1[m[K){
[3.987s]       |                               [01;36m[K^[m[K
[3.987s] In file included from [01m[K/usr/include/c++/9/bits/stl_algobase.h:67[m[K,
[3.988s]                  from [01m[K/usr/include/c++/9/bits/char_traits.h:39[m[K,
[3.989s]                  from [01m[K/usr/include/c++/9/ios:40[m[K,
[3.989s]                  from [01m[K/usr/include/c++/9/istream:38[m[K,
[3.989s]                  from [01m[K/usr/include/c++/9/sstream:38[m[K,
[3.989s]                  from [01m[K/home/super/f1tenth_ws/src/PurePursuit/src/pure_pursuit/src/pure_pursuit_node.cpp:1[m[K:
[3.989s] [01m[K/usr/include/c++/9/bits/stl_iterator.h:1209:5:[m[K [01;36m[Knote: [m[Kcandidate: â€˜[01m[Ktemplate<class _IteratorL, class _IteratorR> decltype ((__x.base() - __y.base())) std::operator-(const std::move_iterator<_IteratorL>&, const std::move_iterator<_IteratorR>&)[m[Kâ€™
[3.989s]  1209 |     [01;36m[Koperator[m[K-(const move_iterator<_IteratorL>& __x,
[3.990s]       |     [01;36m[K^~~~~~~~[m[K
[3.993s] [01m[K/usr/include/c++/9/bits/stl_iterator.h:1209:5:[m[K [01;36m[Knote: [m[K  template argument deduction/substitution failed:
[3.994s] [01m[K/home/super/f1tenth_ws/src/PurePursuit/src/pure_pursuit/src/pure_pursuit_node.cpp:168:31:[m[K [01;36m[Knote: [m[K  â€˜[01m[Kstd::vector<double, std::allocator<double> >[m[Kâ€™ is not derived from â€˜[01m[Kconst std::move_iterator<_IteratorL>[m[Kâ€™
[3.994s]   168 |             if (i == x_traj - [01;36m[K1[m[K){
[3.994s]       |                               [01;36m[K^[m[K
[3.994s] In file included from [01m[K/usr/include/c++/9/vector:68[m[K,
[3.994s]                  from [01m[K/home/super/f1tenth_ws/src/PurePursuit/src/pure_pursuit/src/pure_pursuit_node.cpp:4[m[K:
[3.995s] [01m[K/usr/include/c++/9/bits/stl_bvector.h:214:3:[m[K [01;36m[Knote: [m[Kcandidate: â€˜[01m[Kstd::ptrdiff_t std::operator-(const std::_Bit_iterator_base&, const std::_Bit_iterator_base&)[m[Kâ€™
[3.995s]   214 |   [01;36m[Koperator[m[K-(const _Bit_iterator_base& __x, const _Bit_iterator_base& __y)
[3.995s]       |   [01;36m[K^~~~~~~~[m[K
[3.995s] [01m[K/usr/include/c++/9/bits/stl_bvector.h:214:39:[m[K [01;36m[Knote: [m[K  no known conversion for argument 1 from â€˜[01m[Kstd::vector<double, std::allocator<double> >[m[Kâ€™ to â€˜[01m[Kconst std::_Bit_iterator_base&[m[Kâ€™
[3.995s]   214 |   operator-([01;36m[Kconst _Bit_iterator_base& __x[m[K, const _Bit_iterator_base& __y)
[3.995s]       |             [01;36m[K~~~~~~~~~~~~~~~~~~~~~~~~~~^~~[m[K
[3.995s] In file included from [01m[K/usr/include/c++/9/bits/stl_algobase.h:67[m[K,
[3.996s]                  from [01m[K/usr/include/c++/9/bits/char_traits.h:39[m[K,
[3.996s]                  from [01m[K/usr/include/c++/9/ios:40[m[K,
[3.996s]                  from [01m[K/usr/include/c++/9/istream:38[m[K,
[3.996s]                  from [01m[K/usr/include/c++/9/sstream:38[m[K,
[3.996s]                  from [01m[K/home/super/f1tenth_ws/src/PurePursuit/src/pure_pursuit/src/pure_pursuit_node.cpp:1[m[K:
[3.996s] [01m[K/usr/include/c++/9/bits/stl_iterator.h:974:5:[m[K [01;36m[Knote: [m[Kcandidate: â€˜[01m[Ktemplate<class _IteratorL, class _IteratorR, class _Container> decltype ((__lhs.base() - __rhs.base())) __gnu_cxx::operator-(const __gnu_cxx::__normal_iterator<_IteratorL, _Container>&, const __gnu_cxx::__normal_iterator<_IteratorR, _Container>&)[m[Kâ€™
[3.996s]   974 |     [01;36m[Koperator[m[K-(const __normal_iterator<_IteratorL, _Container>& __lhs,
[3.996s]       |     [01;36m[K^~~~~~~~[m[K
[3.997s] [01m[K/usr/include/c++/9/bits/stl_iterator.h:974:5:[m[K [01;36m[Knote: [m[K  template argument deduction/substitution failed:
[3.997s] [01m[K/home/super/f1tenth_ws/src/PurePursuit/src/pure_pursuit/src/pure_pursuit_node.cpp:168:31:[m[K [01;36m[Knote: [m[K  â€˜[01m[Kstd::vector<double, std::allocator<double> >[m[Kâ€™ is not derived from â€˜[01m[Kconst __gnu_cxx::__normal_iterator<_IteratorL, _Container>[m[Kâ€™
[3.997s]   168 |             if (i == x_traj - [01;36m[K1[m[K){
[3.997s]       |                               [01;36m[K^[m[K
[3.997s] In file included from [01m[K/usr/include/c++/9/bits/stl_algobase.h:67[m[K,
[3.997s]                  from [01m[K/usr/include/c++/9/bits/char_traits.h:39[m[K,
[3.998s]                  from [01m[K/usr/include/c++/9/ios:40[m[K,
[3.998s]                  from [01m[K/usr/include/c++/9/istream:38[m[K,
[3.998s]                  from [01m[K/usr/include/c++/9/sstream:38[m[K,
[3.998s]                  from [01m[K/home/super/f1tenth_ws/src/PurePursuit/src/pure_pursuit/src/pure_pursuit_node.cpp:1[m[K:
[3.998s] [01m[K/usr/include/c++/9/bits/stl_iterator.h:986:5:[m[K [01;36m[Knote: [m[Kcandidate: â€˜[01m[Ktemplate<class _Iterator, class _Container> typename __gnu_cxx::__normal_iterator<_Iterator, _Container>::difference_type __gnu_cxx::operator-(const __gnu_cxx::__normal_iterator<_Iterator, _Container>&, const __gnu_cxx::__normal_iterator<_Iterator, _Container>&)[m[Kâ€™
[3.998s]   986 |     [01;36m[Koperator[m[K-(const __normal_iterator<_Iterator, _Container>& __lhs,
[3.998s]       |     [01;36m[K^~~~~~~~[m[K
[3.998s] [01m[K/usr/include/c++/9/bits/stl_iterator.h:986:5:[m[K [01;36m[Knote: [m[K  template argument deduction/substitution failed:
[3.999s] [01m[K/home/super/f1tenth_ws/src/PurePursuit/src/pure_pursuit/src/pure_pursuit_node.cpp:168:31:[m[K [01;36m[Knote: [m[K  â€˜[01m[Kstd::vector<double, std::allocator<double> >[m[Kâ€™ is not derived from â€˜[01m[Kconst __gnu_cxx::__normal_iterator<_Iterator, _Container>[m[Kâ€™
[3.999s]   168 |             if (i == x_traj - [01;36m[K1[m[K){
[3.999s]       |                               [01;36m[K^[m[K
[3.999s] [01m[K/home/super/f1tenth_ws/src/PurePursuit/src/pure_pursuit/src/pure_pursuit_node.cpp:169:22:[m[K [01;31m[Kerror: [m[Kexpected â€˜[01m[K;[m[Kâ€™ before â€˜[01m[K}[m[Kâ€™ token
[3.999s]   169 |                 i = 0
[3.999s]       |                      [01;31m[K^[m[K
[3.999s]       |                      [32m[K;[m[K
[3.999s]   170 |             [32m[K}[m[K
[4.000s]       |             [32m[K~[m[K         
[4.023s] [01m[K/home/super/f1tenth_ws/src/PurePursuit/src/pure_pursuit/src/pure_pursuit_node.cpp:[m[K In member function â€˜[01m[Kvoid PurePursuit::pose_callback(geometry_msgs::msg::PoseStamped_<std::allocator<void> >::ConstPtr)[m[Kâ€™:
[4.023s] [01m[K/home/super/f1tenth_ws/src/PurePursuit/src/pure_pursuit/src/pure_pursuit_node.cpp:232:16:[m[K [01;35m[Kwarning: [m[Kunused variable â€˜[01m[Kdx_trans[m[Kâ€™ [[01;35m[K-Wunused-variable[m[K]
[4.024s]   232 |         double [01;35m[Kdx_trans[m[K = dx*cos(yaw) + dy*sin(yaw);
[4.024s]       |                [01;35m[K^~~~~~~~[m[K
[9.579s] make[2]: *** [CMakeFiles/pure_pursuit_node.dir/build.make:63: CMakeFiles/pure_pursuit_node.dir/src/pure_pursuit_node.cpp.o] Error 1
[9.580s] make[1]: *** [CMakeFiles/Makefile2:78: CMakeFiles/pure_pursuit_node.dir/all] Error 2
[9.580s] make: *** [Makefile:141: all] Error 2
[9.589s] Invoked command in '/home/super/f1tenth_ws/build/pure_pursuit' returned '2': CMAKE_PREFIX_PATH=${CMAKE_PREFIX_PATH}:/home/super/f1tenth_ws/install/f1tenth_stack:/home/super/f1tenth_ws/install/joy_teleop:/home/super/f1tenth_ws/install/particle_filter:/home/super/f1tenth_ws/install/mouse_teleop:/home/super/f1tenth_ws/install/key_teleop:/opt/ros/foxy /usr/bin/cmake --build /home/super/f1tenth_ws/build/pure_pursuit -- -j6 -l6
