[0.050s] Invoking command in '/home/super/f1tenth_ws/build/pure_pursuit': CMAKE_PREFIX_PATH=${CMAKE_PREFIX_PATH}:/home/super/f1tenth_ws/install/f1tenth_stack:/home/super/f1tenth_ws/install/joy_teleop:/home/super/f1tenth_ws/install/particle_filter:/home/super/f1tenth_ws/install/mouse_teleop:/home/super/f1tenth_ws/install/key_teleop:/opt/ros/foxy /usr/bin/cmake --build /home/super/f1tenth_ws/build/pure_pursuit -- -j6 -l6
[0.186s] [35m[1mScanning dependencies of target pure_pursuit_node[0m
[0.270s] [ 50%] [32mBuilding CXX object CMakeFiles/pure_pursuit_node.dir/src/pure_pursuit_node.cpp.o[0m
[3.594s] [01m[K/home/super/f1tenth_ws/src/PurePursuit/src/pure_pursuit/src/pure_pursuit_node.cpp:216:80:[m[K [01;35m[Kwarning: [m[Kâ€˜[01m[Kgeometry_msgs::msg::PoseStamped_<std::allocator<void> >::ConstPtr[m[Kâ€™ is deprecated [[01;35m[K-Wdeprecated-declarations[m[K]
[3.594s]   216 | gs::msg::PoseStamped::ConstPtr pose_msg[01;35m[K)[m[K
[3.594s]       |                                        [01;35m[K^[m[K
[3.594s] 
[3.594s] In file included from [01m[K/opt/ros/foxy/include/geometry_msgs/msg/pose_stamped.hpp:7[m[K,
[3.594s]                  from [01m[K/home/super/f1tenth_ws/src/PurePursuit/src/pure_pursuit/src/pure_pursuit_node.cpp:12[m[K:
[3.595s] [01m[K/opt/ros/foxy/include/geometry_msgs/msg/detail/pose_stamped__struct.hpp:114:5:[m[K [01;36m[Knote: [m[Kdeclared here
[3.595s]   114 |     [01;36m[KConstPtr[m[K;
[3.595s]       |     [01;36m[K^~~~~~~~[m[K
[3.598s] [01m[K/home/super/f1tenth_ws/src/PurePursuit/src/pure_pursuit/src/pure_pursuit_node.cpp:[m[K In constructor â€˜[01m[KPurePursuit::PurePursuit()[m[Kâ€™:
[3.598s] [01m[K/home/super/f1tenth_ws/src/PurePursuit/src/pure_pursuit/src/pure_pursuit_node.cpp:44:9:[m[K [01;31m[Kerror: [m[Kexpected â€˜[01m[K,[m[Kâ€™ or â€˜[01m[K;[m[Kâ€™ before â€˜[01m[Kdrivepub[m[Kâ€™
[3.598s]    44 |         [01;31m[Kdrivepub[m[K = this->create_publisher<ackermann_msgs::msg::AckermannDriveStamped>(drive_topic, 10);
[3.598s]       |         [01;31m[K^~~~~~~~[m[K
[3.638s] [01m[K/home/super/f1tenth_ws/src/PurePursuit/src/pure_pursuit/src/pure_pursuit_node.cpp:53:47:[m[K [01;31m[Kerror: [m[Kâ€˜[01m[Kgeometry_msgs_msgs[m[Kâ€™ was not declared in this scope; did you mean â€˜[01m[Kgeometry_msgs[m[Kâ€™?
[3.638s]    53 |  pose_sub_ = this->create_subscription<[01;31m[Kgeometry_msgs_msgs[m[K::msg::PoseStamped>(pose_topic, 10, std::bind(&PurePursuit::pose_callback, this, _1));
[3.638s]       |                                        [01;31m[K^~~~~~~~~~~~~~~~~~[m[K
[3.638s]       |                                        [32m[Kgeometry_msgs[m[K
[3.639s] [01m[K/home/super/f1tenth_ws/src/PurePursuit/src/pure_pursuit/src/pure_pursuit_node.cpp:53:27:[m[K [01;31m[Kerror: [m[Kparse error in template argument list
[3.639s]    53 |         pose_sub_ = this->[01;31m[Kcreate_subscription<geometry_msgs_msgs::msg::PoseStamped>[m[K(pose_topic, 10, std::bind(&PurePursuit::pose_callback, this, _1));
[3.639s]       |                           [01;31m[K^~~~~~~~~~~~~~~~~~~~~~~~~~~~~~~~~~~~~~~~~~~~~~~~~~~~~~~~~[m[K
[3.654s] [01m[K/home/super/f1tenth_ws/src/PurePursuit/src/pure_pursuit/src/pure_pursuit_node.cpp:53:149:[m[K [01;31m[Kerror: [m[Kno matching function for call to â€˜[01m[KPurePursuit::create_subscription<<expression error> >(std::string&, int, std::_Bind_helper<false, void (PurePursuit::*)(std::shared_ptr<const geometry_msgs::msg::PoseStamped_<std::allocator<void> > >), PurePursuit*, const std::_Placeholder<1>&>::type)[m[Kâ€™
[3.654s]    53 | (&PurePursuit::pose_callback, this, _1)[01;31m[K)[m[K;
[3.654s]       |                                        [01;31m[K^[m[K
[3.654s] 
[3.655s] In file included from [01m[K/opt/ros/foxy/include/rclcpp/executors/single_threaded_executor.hpp:28[m[K,
[3.655s]                  from [01m[K/opt/ros/foxy/include/rclcpp/executors.hpp:22[m[K,
[3.655s]                  from [01m[K/opt/ros/foxy/include/rclcpp/rclcpp.hpp:146[m[K,
[3.655s]                  from [01m[K/home/super/f1tenth_ws/src/PurePursuit/src/pure_pursuit/src/pure_pursuit_node.cpp:8[m[K:
[3.655s] [01m[K/opt/ros/foxy/include/rclcpp/node.hpp:213:3:[m[K [01;36m[Knote: [m[Kcandidate: â€˜[01m[Ktemplate<class MessageT, class CallbackT, class AllocatorT, class CallbackMessageT, class SubscriptionT, class MessageMemoryStrategyT> std::shared_ptr<SubscriptionT> rclcpp::Node::create_subscription(const string&, const rclcpp::QoS&, CallbackT&&, const rclcpp::SubscriptionOptionsWithAllocator<AllocatorT>&, typename MessageMemoryStrategyT::SharedPtr)[m[Kâ€™
[3.656s]   213 |   [01;36m[Kcreate_subscription[m[K(
[3.656s]       |   [01;36m[K^~~~~~~~~~~~~~~~~~~[m[K
[3.656s] [01m[K/opt/ros/foxy/include/rclcpp/node.hpp:213:3:[m[K [01;36m[Knote: [m[K  template argument deduction/substitution failed:
[3.656s] [01m[K/home/super/f1tenth_ws/src/PurePursuit/src/pure_pursuit/src/pure_pursuit_node.cpp:53:149:[m[K [01;31m[Kerror: [m[Ktemplate argument 1 is invalid
[3.656s]    53 | (&PurePursuit::pose_callback, this, _1)[01;31m[K)[m[K;
[3.656s]       |                                        [01;31m[K^[m[K
[3.656s] 
[3.717s] [01m[K/home/super/f1tenth_ws/src/PurePursuit/src/pure_pursuit/src/pure_pursuit_node.cpp:[m[K In member function â€˜[01m[Kvoid PurePursuit::pose_callback(geometry_msgs::msg::PoseStamped_<std::allocator<void> >::ConstPtr)[m[Kâ€™:
[3.718s] [01m[K/home/super/f1tenth_ws/src/PurePursuit/src/pure_pursuit/src/pure_pursuit_node.cpp:229:16:[m[K [01;35m[Kwarning: [m[Kunused variable â€˜[01m[Kdx_trans[m[Kâ€™ [[01;35m[K-Wunused-variable[m[K]
[3.718s]   229 |         double [01;35m[Kdx_trans[m[K = dx*cos(yaw) + dy*sin(yaw);
[3.718s]       |                [01;35m[K^~~~~~~~[m[K
[6.643s] make[2]: *** [CMakeFiles/pure_pursuit_node.dir/build.make:63: CMakeFiles/pure_pursuit_node.dir/src/pure_pursuit_node.cpp.o] Error 1
[6.644s] make[1]: *** [CMakeFiles/Makefile2:78: CMakeFiles/pure_pursuit_node.dir/all] Error 2
[6.644s] make: *** [Makefile:141: all] Error 2
[6.659s] Invoked command in '/home/super/f1tenth_ws/build/pure_pursuit' returned '2': CMAKE_PREFIX_PATH=${CMAKE_PREFIX_PATH}:/home/super/f1tenth_ws/install/f1tenth_stack:/home/super/f1tenth_ws/install/joy_teleop:/home/super/f1tenth_ws/install/particle_filter:/home/super/f1tenth_ws/install/mouse_teleop:/home/super/f1tenth_ws/install/key_teleop:/opt/ros/foxy /usr/bin/cmake --build /home/super/f1tenth_ws/build/pure_pursuit -- -j6 -l6
